[2023-12-18 14:54:28] local.ERROR: SQLSTATE[HY000]: General error: 1364 Field 'admin' doesn't have a default value (Connection: mysql, SQL: insert into `users` (`name`, `email`, `password`, `updated_at`, `created_at`) values (Vivien, admin@gmail.com, $2y$12$LxEmHDrs9RTSIL7RmaZCh.gMnRLt.GqhQLhNS2MbYuS5qAl9wGBHC, 2023-12-18 14:54:28, 2023-12-18 14:54:28)) {"exception":"[object] (Illuminate\\Database\\QueryException(code: HY000): SQLSTATE[HY000]: General error: 1364 Field 'admin' doesn't have a default value (Connection: mysql, SQL: insert into `users` (`name`, `email`, `password`, `updated_at`, `created_at`) values (Vivien, admin@gmail.com, $2y$12$LxEmHDrs9RTSIL7RmaZCh.gMnRLt.GqhQLhNS2MbYuS5qAl9wGBHC, 2023-12-18 14:54:28, 2023-12-18 14:54:28)) at D:\\MyworkSpace\\Laravel\\e-commerce\\vendor\\laravel\\framework\\src\\Illuminate\\Database\\Connection.php:822)
[stacktrace]
#0 D:\\MyworkSpace\\Laravel\\e-commerce\\vendor\\laravel\\framework\\src\\Illuminate\\Database\\Connection.php(776): Illuminate\\Database\\Connection->runQueryCallback('insert into `us...', Array, Object(Closure))
#1 D:\\MyworkSpace\\Laravel\\e-commerce\\vendor\\laravel\\framework\\src\\Illuminate\\Database\\Connection.php(569): Illuminate\\Database\\Connection->run('insert into `us...', Array, Object(Closure))
#2 D:\\MyworkSpace\\Laravel\\e-commerce\\vendor\\laravel\\framework\\src\\Illuminate\\Database\\Connection.php(533): Illuminate\\Database\\Connection->statement('insert into `us...', Array)
#3 D:\\MyworkSpace\\Laravel\\e-commerce\\vendor\\laravel\\framework\\src\\Illuminate\\Database\\Query\\Processors\\Processor.php(32): Illuminate\\Database\\Connection->insert('insert into `us...', Array)
#4 D:\\MyworkSpace\\Laravel\\e-commerce\\vendor\\laravel\\framework\\src\\Illuminate\\Database\\Query\\Builder.php(3387): Illuminate\\Database\\Query\\Processors\\Processor->processInsertGetId(Object(Illuminate\\Database\\Query\\Builder), 'insert into `us...', Array, 'id')
#5 D:\\MyworkSpace\\Laravel\\e-commerce\\vendor\\laravel\\framework\\src\\Illuminate\\Database\\Eloquent\\Builder.php(1968): Illuminate\\Database\\Query\\Builder->insertGetId(Array, 'id')
#6 D:\\MyworkSpace\\Laravel\\e-commerce\\vendor\\laravel\\framework\\src\\Illuminate\\Database\\Eloquent\\Model.php(1333): Illuminate\\Database\\Eloquent\\Builder->__call('insertGetId', Array)
#7 D:\\MyworkSpace\\Laravel\\e-commerce\\vendor\\laravel\\framework\\src\\Illuminate\\Database\\Eloquent\\Model.php(1298): Illuminate\\Database\\Eloquent\\Model->insertAndSetId(Object(Illuminate\\Database\\Eloquent\\Builder), Array)
#8 D:\\MyworkSpace\\Laravel\\e-commerce\\vendor\\laravel\\framework\\src\\Illuminate\\Database\\Eloquent\\Model.php(1137): Illuminate\\Database\\Eloquent\\Model->performInsert(Object(Illuminate\\Database\\Eloquent\\Builder))
#9 D:\\MyworkSpace\\Laravel\\e-commerce\\vendor\\laravel\\framework\\src\\Illuminate\\Database\\Eloquent\\Builder.php(1023): Illuminate\\Database\\Eloquent\\Model->save()
#10 D:\\MyworkSpace\\Laravel\\e-commerce\\vendor\\laravel\\framework\\src\\Illuminate\\Support\\helpers.php(307): Illuminate\\Database\\Eloquent\\Builder->Illuminate\\Database\\Eloquent\\{closure}(Object(App\\Models\\User))
#11 D:\\MyworkSpace\\Laravel\\e-commerce\\vendor\\laravel\\framework\\src\\Illuminate\\Database\\Eloquent\\Builder.php(1022): tap(Object(App\\Models\\User), Object(Closure))
#12 D:\\MyworkSpace\\Laravel\\e-commerce\\vendor\\laravel\\framework\\src\\Illuminate\\Support\\Traits\\ForwardsCalls.php(23): Illuminate\\Database\\Eloquent\\Builder->create(Array)
#13 D:\\MyworkSpace\\Laravel\\e-commerce\\vendor\\laravel\\framework\\src\\Illuminate\\Database\\Eloquent\\Model.php(2334): Illuminate\\Database\\Eloquent\\Model->forwardCallTo(Object(Illuminate\\Database\\Eloquent\\Builder), 'create', Array)
#14 D:\\MyworkSpace\\Laravel\\e-commerce\\vendor\\laravel\\framework\\src\\Illuminate\\Database\\Eloquent\\Model.php(2346): Illuminate\\Database\\Eloquent\\Model->__call('create', Array)
#15 D:\\MyworkSpace\\Laravel\\e-commerce\\vendor\\filament\\filament\\src\\Commands\\MakeUserCommand.php(60): Illuminate\\Database\\Eloquent\\Model::__callStatic('create', Array)
#16 D:\\MyworkSpace\\Laravel\\e-commerce\\vendor\\filament\\filament\\src\\Commands\\MakeUserCommand.php(98): Filament\\Commands\\MakeUserCommand->createUser()
#17 D:\\MyworkSpace\\Laravel\\e-commerce\\vendor\\laravel\\framework\\src\\Illuminate\\Container\\BoundMethod.php(36): Filament\\Commands\\MakeUserCommand->handle()
#18 D:\\MyworkSpace\\Laravel\\e-commerce\\vendor\\laravel\\framework\\src\\Illuminate\\Container\\Util.php(41): Illuminate\\Container\\BoundMethod::Illuminate\\Container\\{closure}()
#19 D:\\MyworkSpace\\Laravel\\e-commerce\\vendor\\laravel\\framework\\src\\Illuminate\\Container\\BoundMethod.php(93): Illuminate\\Container\\Util::unwrapIfClosure(Object(Closure))
#20 D:\\MyworkSpace\\Laravel\\e-commerce\\vendor\\laravel\\framework\\src\\Illuminate\\Container\\BoundMethod.php(35): Illuminate\\Container\\BoundMethod::callBoundMethod(Object(Illuminate\\Foundation\\Application), Array, Object(Closure))
#21 D:\\MyworkSpace\\Laravel\\e-commerce\\vendor\\laravel\\framework\\src\\Illuminate\\Container\\Container.php(662): Illuminate\\Container\\BoundMethod::call(Object(Illuminate\\Foundation\\Application), Array, Array, NULL)
#22 D:\\MyworkSpace\\Laravel\\e-commerce\\vendor\\laravel\\framework\\src\\Illuminate\\Console\\Command.php(211): Illuminate\\Container\\Container->call(Array)
#23 D:\\MyworkSpace\\Laravel\\e-commerce\\vendor\\symfony\\console\\Command\\Command.php(326): Illuminate\\Console\\Command->execute(Object(Symfony\\Component\\Console\\Input\\ArgvInput), Object(Illuminate\\Console\\OutputStyle))
#24 D:\\MyworkSpace\\Laravel\\e-commerce\\vendor\\laravel\\framework\\src\\Illuminate\\Console\\Command.php(180): Symfony\\Component\\Console\\Command\\Command->run(Object(Symfony\\Component\\Console\\Input\\ArgvInput), Object(Illuminate\\Console\\OutputStyle))
#25 D:\\MyworkSpace\\Laravel\\e-commerce\\vendor\\symfony\\console\\Application.php(1096): Illuminate\\Console\\Command->run(Object(Symfony\\Component\\Console\\Input\\ArgvInput), Object(Symfony\\Component\\Console\\Output\\ConsoleOutput))
#26 D:\\MyworkSpace\\Laravel\\e-commerce\\vendor\\symfony\\console\\Application.php(324): Symfony\\Component\\Console\\Application->doRunCommand(Object(Filament\\Commands\\MakeUserCommand), Object(Symfony\\Component\\Console\\Input\\ArgvInput), Object(Symfony\\Component\\Console\\Output\\ConsoleOutput))
#27 D:\\MyworkSpace\\Laravel\\e-commerce\\vendor\\symfony\\console\\Application.php(175): Symfony\\Component\\Console\\Application->doRun(Object(Symfony\\Component\\Console\\Input\\ArgvInput), Object(Symfony\\Component\\Console\\Output\\ConsoleOutput))
#28 D:\\MyworkSpace\\Laravel\\e-commerce\\vendor\\laravel\\framework\\src\\Illuminate\\Foundation\\Console\\Kernel.php(201): Symfony\\Component\\Console\\Application->run(Object(Symfony\\Component\\Console\\Input\\ArgvInput), Object(Symfony\\Component\\Console\\Output\\ConsoleOutput))
#29 D:\\MyworkSpace\\Laravel\\e-commerce\\artisan(35): Illuminate\\Foundation\\Console\\Kernel->handle(Object(Symfony\\Component\\Console\\Input\\ArgvInput), Object(Symfony\\Component\\Console\\Output\\ConsoleOutput))
#30 {main}

[previous exception] [object] (PDOException(code: HY000): SQLSTATE[HY000]: General error: 1364 Field 'admin' doesn't have a default value at D:\\MyworkSpace\\Laravel\\e-commerce\\vendor\\laravel\\framework\\src\\Illuminate\\Database\\Connection.php:580)
[stacktrace]
#0 D:\\MyworkSpace\\Laravel\\e-commerce\\vendor\\laravel\\framework\\src\\Illuminate\\Database\\Connection.php(580): PDOStatement->execute()
#1 D:\\MyworkSpace\\Laravel\\e-commerce\\vendor\\laravel\\framework\\src\\Illuminate\\Database\\Connection.php(809): Illuminate\\Database\\Connection->Illuminate\\Database\\{closure}('insert into `us...', Array)
#2 D:\\MyworkSpace\\Laravel\\e-commerce\\vendor\\laravel\\framework\\src\\Illuminate\\Database\\Connection.php(776): Illuminate\\Database\\Connection->runQueryCallback('insert into `us...', Array, Object(Closure))
#3 D:\\MyworkSpace\\Laravel\\e-commerce\\vendor\\laravel\\framework\\src\\Illuminate\\Database\\Connection.php(569): Illuminate\\Database\\Connection->run('insert into `us...', Array, Object(Closure))
#4 D:\\MyworkSpace\\Laravel\\e-commerce\\vendor\\laravel\\framework\\src\\Illuminate\\Database\\Connection.php(533): Illuminate\\Database\\Connection->statement('insert into `us...', Array)
#5 D:\\MyworkSpace\\Laravel\\e-commerce\\vendor\\laravel\\framework\\src\\Illuminate\\Database\\Query\\Processors\\Processor.php(32): Illuminate\\Database\\Connection->insert('insert into `us...', Array)
#6 D:\\MyworkSpace\\Laravel\\e-commerce\\vendor\\laravel\\framework\\src\\Illuminate\\Database\\Query\\Builder.php(3387): Illuminate\\Database\\Query\\Processors\\Processor->processInsertGetId(Object(Illuminate\\Database\\Query\\Builder), 'insert into `us...', Array, 'id')
#7 D:\\MyworkSpace\\Laravel\\e-commerce\\vendor\\laravel\\framework\\src\\Illuminate\\Database\\Eloquent\\Builder.php(1968): Illuminate\\Database\\Query\\Builder->insertGetId(Array, 'id')
#8 D:\\MyworkSpace\\Laravel\\e-commerce\\vendor\\laravel\\framework\\src\\Illuminate\\Database\\Eloquent\\Model.php(1333): Illuminate\\Database\\Eloquent\\Builder->__call('insertGetId', Array)
#9 D:\\MyworkSpace\\Laravel\\e-commerce\\vendor\\laravel\\framework\\src\\Illuminate\\Database\\Eloquent\\Model.php(1298): Illuminate\\Database\\Eloquent\\Model->insertAndSetId(Object(Illuminate\\Database\\Eloquent\\Builder), Array)
#10 D:\\MyworkSpace\\Laravel\\e-commerce\\vendor\\laravel\\framework\\src\\Illuminate\\Database\\Eloquent\\Model.php(1137): Illuminate\\Database\\Eloquent\\Model->performInsert(Object(Illuminate\\Database\\Eloquent\\Builder))
#11 D:\\MyworkSpace\\Laravel\\e-commerce\\vendor\\laravel\\framework\\src\\Illuminate\\Database\\Eloquent\\Builder.php(1023): Illuminate\\Database\\Eloquent\\Model->save()
#12 D:\\MyworkSpace\\Laravel\\e-commerce\\vendor\\laravel\\framework\\src\\Illuminate\\Support\\helpers.php(307): Illuminate\\Database\\Eloquent\\Builder->Illuminate\\Database\\Eloquent\\{closure}(Object(App\\Models\\User))
#13 D:\\MyworkSpace\\Laravel\\e-commerce\\vendor\\laravel\\framework\\src\\Illuminate\\Database\\Eloquent\\Builder.php(1022): tap(Object(App\\Models\\User), Object(Closure))
#14 D:\\MyworkSpace\\Laravel\\e-commerce\\vendor\\laravel\\framework\\src\\Illuminate\\Support\\Traits\\ForwardsCalls.php(23): Illuminate\\Database\\Eloquent\\Builder->create(Array)
#15 D:\\MyworkSpace\\Laravel\\e-commerce\\vendor\\laravel\\framework\\src\\Illuminate\\Database\\Eloquent\\Model.php(2334): Illuminate\\Database\\Eloquent\\Model->forwardCallTo(Object(Illuminate\\Database\\Eloquent\\Builder), 'create', Array)
#16 D:\\MyworkSpace\\Laravel\\e-commerce\\vendor\\laravel\\framework\\src\\Illuminate\\Database\\Eloquent\\Model.php(2346): Illuminate\\Database\\Eloquent\\Model->__call('create', Array)
#17 D:\\MyworkSpace\\Laravel\\e-commerce\\vendor\\filament\\filament\\src\\Commands\\MakeUserCommand.php(60): Illuminate\\Database\\Eloquent\\Model::__callStatic('create', Array)
#18 D:\\MyworkSpace\\Laravel\\e-commerce\\vendor\\filament\\filament\\src\\Commands\\MakeUserCommand.php(98): Filament\\Commands\\MakeUserCommand->createUser()
#19 D:\\MyworkSpace\\Laravel\\e-commerce\\vendor\\laravel\\framework\\src\\Illuminate\\Container\\BoundMethod.php(36): Filament\\Commands\\MakeUserCommand->handle()
#20 D:\\MyworkSpace\\Laravel\\e-commerce\\vendor\\laravel\\framework\\src\\Illuminate\\Container\\Util.php(41): Illuminate\\Container\\BoundMethod::Illuminate\\Container\\{closure}()
#21 D:\\MyworkSpace\\Laravel\\e-commerce\\vendor\\laravel\\framework\\src\\Illuminate\\Container\\BoundMethod.php(93): Illuminate\\Container\\Util::unwrapIfClosure(Object(Closure))
#22 D:\\MyworkSpace\\Laravel\\e-commerce\\vendor\\laravel\\framework\\src\\Illuminate\\Container\\BoundMethod.php(35): Illuminate\\Container\\BoundMethod::callBoundMethod(Object(Illuminate\\Foundation\\Application), Array, Object(Closure))
#23 D:\\MyworkSpace\\Laravel\\e-commerce\\vendor\\laravel\\framework\\src\\Illuminate\\Container\\Container.php(662): Illuminate\\Container\\BoundMethod::call(Object(Illuminate\\Foundation\\Application), Array, Array, NULL)
#24 D:\\MyworkSpace\\Laravel\\e-commerce\\vendor\\laravel\\framework\\src\\Illuminate\\Console\\Command.php(211): Illuminate\\Container\\Container->call(Array)
#25 D:\\MyworkSpace\\Laravel\\e-commerce\\vendor\\symfony\\console\\Command\\Command.php(326): Illuminate\\Console\\Command->execute(Object(Symfony\\Component\\Console\\Input\\ArgvInput), Object(Illuminate\\Console\\OutputStyle))
#26 D:\\MyworkSpace\\Laravel\\e-commerce\\vendor\\laravel\\framework\\src\\Illuminate\\Console\\Command.php(180): Symfony\\Component\\Console\\Command\\Command->run(Object(Symfony\\Component\\Console\\Input\\ArgvInput), Object(Illuminate\\Console\\OutputStyle))
#27 D:\\MyworkSpace\\Laravel\\e-commerce\\vendor\\symfony\\console\\Application.php(1096): Illuminate\\Console\\Command->run(Object(Symfony\\Component\\Console\\Input\\ArgvInput), Object(Symfony\\Component\\Console\\Output\\ConsoleOutput))
#28 D:\\MyworkSpace\\Laravel\\e-commerce\\vendor\\symfony\\console\\Application.php(324): Symfony\\Component\\Console\\Application->doRunCommand(Object(Filament\\Commands\\MakeUserCommand), Object(Symfony\\Component\\Console\\Input\\ArgvInput), Object(Symfony\\Component\\Console\\Output\\ConsoleOutput))
#29 D:\\MyworkSpace\\Laravel\\e-commerce\\vendor\\symfony\\console\\Application.php(175): Symfony\\Component\\Console\\Application->doRun(Object(Symfony\\Component\\Console\\Input\\ArgvInput), Object(Symfony\\Component\\Console\\Output\\ConsoleOutput))
#30 D:\\MyworkSpace\\Laravel\\e-commerce\\vendor\\laravel\\framework\\src\\Illuminate\\Foundation\\Console\\Kernel.php(201): Symfony\\Component\\Console\\Application->run(Object(Symfony\\Component\\Console\\Input\\ArgvInput), Object(Symfony\\Component\\Console\\Output\\ConsoleOutput))
#31 D:\\MyworkSpace\\Laravel\\e-commerce\\artisan(35): Illuminate\\Foundation\\Console\\Kernel->handle(Object(Symfony\\Component\\Console\\Input\\ArgvInput), Object(Symfony\\Component\\Console\\Output\\ConsoleOutput))
#32 {main}
"} 
[2023-12-18 14:55:44] local.ERROR: Database file at path [D:\MyworkSpace\Laravel\e-commerce\database\database.sqlite] does not exist. Ensure this is an absolute path to the database. (Connection: sqlite, SQL: PRAGMA foreign_keys = ON;) {"exception":"[object] (Illuminate\\Database\\QueryException(code: 0): Database file at path [D:\\MyworkSpace\\Laravel\\e-commerce\\database\\database.sqlite] does not exist. Ensure this is an absolute path to the database. (Connection: sqlite, SQL: PRAGMA foreign_keys = ON;) at D:\\MyworkSpace\\Laravel\\e-commerce\\vendor\\laravel\\framework\\src\\Illuminate\\Database\\Connection.php:822)
[stacktrace]
#0 D:\\MyworkSpace\\Laravel\\e-commerce\\vendor\\laravel\\framework\\src\\Illuminate\\Database\\Connection.php(776): Illuminate\\Database\\Connection->runQueryCallback('PRAGMA foreign_...', Array, Object(Closure))
#1 D:\\MyworkSpace\\Laravel\\e-commerce\\vendor\\laravel\\framework\\src\\Illuminate\\Database\\Connection.php(569): Illuminate\\Database\\Connection->run('PRAGMA foreign_...', Array, Object(Closure))
#2 D:\\MyworkSpace\\Laravel\\e-commerce\\vendor\\laravel\\framework\\src\\Illuminate\\Database\\Schema\\Builder.php(510): Illuminate\\Database\\Connection->statement('PRAGMA foreign_...')
#3 D:\\MyworkSpace\\Laravel\\e-commerce\\vendor\\laravel\\framework\\src\\Illuminate\\Database\\SQLiteConnection.php(36): Illuminate\\Database\\Schema\\Builder->enableForeignKeyConstraints()
#4 D:\\MyworkSpace\\Laravel\\e-commerce\\vendor\\laravel\\framework\\src\\Illuminate\\Database\\Connectors\\ConnectionFactory.php(272): Illuminate\\Database\\SQLiteConnection->__construct(Object(Closure), 'D:\\\\MyworkSpace\\\\...', '', Array)
#5 D:\\MyworkSpace\\Laravel\\e-commerce\\vendor\\laravel\\framework\\src\\Illuminate\\Database\\Connectors\\ConnectionFactory.php(75): Illuminate\\Database\\Connectors\\ConnectionFactory->createConnection('sqlite', Object(Closure), 'D:\\\\MyworkSpace\\\\...', '', Array)
#6 D:\\MyworkSpace\\Laravel\\e-commerce\\vendor\\laravel\\framework\\src\\Illuminate\\Database\\Connectors\\ConnectionFactory.php(50): Illuminate\\Database\\Connectors\\ConnectionFactory->createSingleConnection(Array)
#7 D:\\MyworkSpace\\Laravel\\e-commerce\\vendor\\laravel\\framework\\src\\Illuminate\\Database\\DatabaseManager.php(152): Illuminate\\Database\\Connectors\\ConnectionFactory->make(Array, 'sqlite')
#8 D:\\MyworkSpace\\Laravel\\e-commerce\\vendor\\laravel\\framework\\src\\Illuminate\\Database\\DatabaseManager.php(101): Illuminate\\Database\\DatabaseManager->makeConnection('sqlite')
#9 D:\\MyworkSpace\\Laravel\\e-commerce\\vendor\\laravel\\framework\\src\\Illuminate\\Database\\Eloquent\\Model.php(1819): Illuminate\\Database\\DatabaseManager->connection('sqlite')
#10 D:\\MyworkSpace\\Laravel\\e-commerce\\vendor\\laravel\\framework\\src\\Illuminate\\Database\\Eloquent\\Model.php(1785): Illuminate\\Database\\Eloquent\\Model::resolveConnection(NULL)
#11 D:\\MyworkSpace\\Laravel\\e-commerce\\vendor\\laravel\\framework\\src\\Illuminate\\Database\\Eloquent\\Model.php(1576): Illuminate\\Database\\Eloquent\\Model->getConnection()
#12 D:\\MyworkSpace\\Laravel\\e-commerce\\vendor\\laravel\\framework\\src\\Illuminate\\Database\\Eloquent\\Model.php(1495): Illuminate\\Database\\Eloquent\\Model->newBaseQueryBuilder()
#13 D:\\MyworkSpace\\Laravel\\e-commerce\\vendor\\laravel\\framework\\src\\Illuminate\\Database\\Eloquent\\Model.php(1531): Illuminate\\Database\\Eloquent\\Model->newModelQuery()
#14 D:\\MyworkSpace\\Laravel\\e-commerce\\vendor\\laravel\\framework\\src\\Illuminate\\Database\\Eloquent\\Model.php(1484): Illuminate\\Database\\Eloquent\\Model->newQueryWithoutScopes()
#15 D:\\MyworkSpace\\Laravel\\e-commerce\\vendor\\laravel\\framework\\src\\Illuminate\\Database\\Eloquent\\Model.php(2334): Illuminate\\Database\\Eloquent\\Model->newQuery()
#16 D:\\MyworkSpace\\Laravel\\e-commerce\\vendor\\laravel\\framework\\src\\Illuminate\\Database\\Eloquent\\Model.php(2346): Illuminate\\Database\\Eloquent\\Model->__call('where', Array)
#17 D:\\MyworkSpace\\Laravel\\e-commerce\\vendor\\filament\\filament\\src\\Commands\\MakeUserCommand.php(46): Illuminate\\Database\\Eloquent\\Model::__callStatic('where', Array)
#18 D:\\MyworkSpace\\Laravel\\e-commerce\\vendor\\laravel\\framework\\src\\Illuminate\\Console\\Concerns\\ConfiguresPrompts.php(139): Filament\\Commands\\MakeUserCommand->Filament\\Commands\\{closure}('admin@gmail.Com')
#19 D:\\MyworkSpace\\Laravel\\e-commerce\\vendor\\laravel\\framework\\src\\Illuminate\\Console\\Concerns\\ConfiguresPrompts.php(32): Illuminate\\Console\\Command->promptUntilValid(Object(Closure), true, Object(Closure))
#20 D:\\MyworkSpace\\Laravel\\e-commerce\\vendor\\laravel\\prompts\\src\\Concerns\\Fallback.php(59): Illuminate\\Console\\Command->Illuminate\\Console\\Concerns\\{closure}(Object(Laravel\\Prompts\\TextPrompt))
#21 D:\\MyworkSpace\\Laravel\\e-commerce\\vendor\\laravel\\prompts\\src\\Prompt.php(81): Laravel\\Prompts\\Prompt->fallback()
#22 D:\\MyworkSpace\\Laravel\\e-commerce\\vendor\\laravel\\prompts\\src\\helpers.php(13): Laravel\\Prompts\\Prompt->prompt()
#23 D:\\MyworkSpace\\Laravel\\e-commerce\\vendor\\filament\\filament\\src\\Commands\\MakeUserCommand.php(41): Laravel\\Prompts\\text('Email address', '', '', true, Object(Closure))
#24 D:\\MyworkSpace\\Laravel\\e-commerce\\vendor\\filament\\filament\\src\\Commands\\MakeUserCommand.php(60): Filament\\Commands\\MakeUserCommand->getUserData()
#25 D:\\MyworkSpace\\Laravel\\e-commerce\\vendor\\filament\\filament\\src\\Commands\\MakeUserCommand.php(98): Filament\\Commands\\MakeUserCommand->createUser()
#26 D:\\MyworkSpace\\Laravel\\e-commerce\\vendor\\laravel\\framework\\src\\Illuminate\\Container\\BoundMethod.php(36): Filament\\Commands\\MakeUserCommand->handle()
#27 D:\\MyworkSpace\\Laravel\\e-commerce\\vendor\\laravel\\framework\\src\\Illuminate\\Container\\Util.php(41): Illuminate\\Container\\BoundMethod::Illuminate\\Container\\{closure}()
#28 D:\\MyworkSpace\\Laravel\\e-commerce\\vendor\\laravel\\framework\\src\\Illuminate\\Container\\BoundMethod.php(93): Illuminate\\Container\\Util::unwrapIfClosure(Object(Closure))
#29 D:\\MyworkSpace\\Laravel\\e-commerce\\vendor\\laravel\\framework\\src\\Illuminate\\Container\\BoundMethod.php(35): Illuminate\\Container\\BoundMethod::callBoundMethod(Object(Illuminate\\Foundation\\Application), Array, Object(Closure))
#30 D:\\MyworkSpace\\Laravel\\e-commerce\\vendor\\laravel\\framework\\src\\Illuminate\\Container\\Container.php(662): Illuminate\\Container\\BoundMethod::call(Object(Illuminate\\Foundation\\Application), Array, Array, NULL)
#31 D:\\MyworkSpace\\Laravel\\e-commerce\\vendor\\laravel\\framework\\src\\Illuminate\\Console\\Command.php(211): Illuminate\\Container\\Container->call(Array)
#32 D:\\MyworkSpace\\Laravel\\e-commerce\\vendor\\symfony\\console\\Command\\Command.php(326): Illuminate\\Console\\Command->execute(Object(Symfony\\Component\\Console\\Input\\ArgvInput), Object(Illuminate\\Console\\OutputStyle))
#33 D:\\MyworkSpace\\Laravel\\e-commerce\\vendor\\laravel\\framework\\src\\Illuminate\\Console\\Command.php(180): Symfony\\Component\\Console\\Command\\Command->run(Object(Symfony\\Component\\Console\\Input\\ArgvInput), Object(Illuminate\\Console\\OutputStyle))
#34 D:\\MyworkSpace\\Laravel\\e-commerce\\vendor\\symfony\\console\\Application.php(1096): Illuminate\\Console\\Command->run(Object(Symfony\\Component\\Console\\Input\\ArgvInput), Object(Symfony\\Component\\Console\\Output\\ConsoleOutput))
#35 D:\\MyworkSpace\\Laravel\\e-commerce\\vendor\\symfony\\console\\Application.php(324): Symfony\\Component\\Console\\Application->doRunCommand(Object(Filament\\Commands\\MakeUserCommand), Object(Symfony\\Component\\Console\\Input\\ArgvInput), Object(Symfony\\Component\\Console\\Output\\ConsoleOutput))
#36 D:\\MyworkSpace\\Laravel\\e-commerce\\vendor\\symfony\\console\\Application.php(175): Symfony\\Component\\Console\\Application->doRun(Object(Symfony\\Component\\Console\\Input\\ArgvInput), Object(Symfony\\Component\\Console\\Output\\ConsoleOutput))
#37 D:\\MyworkSpace\\Laravel\\e-commerce\\vendor\\laravel\\framework\\src\\Illuminate\\Foundation\\Console\\Kernel.php(201): Symfony\\Component\\Console\\Application->run(Object(Symfony\\Component\\Console\\Input\\ArgvInput), Object(Symfony\\Component\\Console\\Output\\ConsoleOutput))
#38 D:\\MyworkSpace\\Laravel\\e-commerce\\artisan(35): Illuminate\\Foundation\\Console\\Kernel->handle(Object(Symfony\\Component\\Console\\Input\\ArgvInput), Object(Symfony\\Component\\Console\\Output\\ConsoleOutput))
#39 {main}

[previous exception] [object] (Illuminate\\Database\\SQLiteDatabaseDoesNotExistException(code: 0): Database file at path [D:\\MyworkSpace\\Laravel\\e-commerce\\database\\database.sqlite] does not exist. Ensure this is an absolute path to the database. at D:\\MyworkSpace\\Laravel\\e-commerce\\vendor\\laravel\\framework\\src\\Illuminate\\Database\\Connectors\\SQLiteConnector.php:34)
[stacktrace]
#0 D:\\MyworkSpace\\Laravel\\e-commerce\\vendor\\laravel\\framework\\src\\Illuminate\\Database\\Connectors\\ConnectionFactory.php(221): Illuminate\\Database\\Connectors\\SQLiteConnector->connect(Array)
#1 [internal function]: Illuminate\\Database\\Connectors\\ConnectionFactory->Illuminate\\Database\\Connectors\\{closure}()
#2 D:\\MyworkSpace\\Laravel\\e-commerce\\vendor\\laravel\\framework\\src\\Illuminate\\Database\\Connection.php(1319): call_user_func(Object(Closure))
#3 D:\\MyworkSpace\\Laravel\\e-commerce\\vendor\\laravel\\framework\\src\\Illuminate\\Database\\Connection.php(574): Illuminate\\Database\\Connection->getPdo()
#4 D:\\MyworkSpace\\Laravel\\e-commerce\\vendor\\laravel\\framework\\src\\Illuminate\\Database\\Connection.php(809): Illuminate\\Database\\Connection->Illuminate\\Database\\{closure}('PRAGMA foreign_...', Array)
#5 D:\\MyworkSpace\\Laravel\\e-commerce\\vendor\\laravel\\framework\\src\\Illuminate\\Database\\Connection.php(776): Illuminate\\Database\\Connection->runQueryCallback('PRAGMA foreign_...', Array, Object(Closure))
#6 D:\\MyworkSpace\\Laravel\\e-commerce\\vendor\\laravel\\framework\\src\\Illuminate\\Database\\Connection.php(569): Illuminate\\Database\\Connection->run('PRAGMA foreign_...', Array, Object(Closure))
#7 D:\\MyworkSpace\\Laravel\\e-commerce\\vendor\\laravel\\framework\\src\\Illuminate\\Database\\Schema\\Builder.php(510): Illuminate\\Database\\Connection->statement('PRAGMA foreign_...')
#8 D:\\MyworkSpace\\Laravel\\e-commerce\\vendor\\laravel\\framework\\src\\Illuminate\\Database\\SQLiteConnection.php(36): Illuminate\\Database\\Schema\\Builder->enableForeignKeyConstraints()
#9 D:\\MyworkSpace\\Laravel\\e-commerce\\vendor\\laravel\\framework\\src\\Illuminate\\Database\\Connectors\\ConnectionFactory.php(272): Illuminate\\Database\\SQLiteConnection->__construct(Object(Closure), 'D:\\\\MyworkSpace\\\\...', '', Array)
#10 D:\\MyworkSpace\\Laravel\\e-commerce\\vendor\\laravel\\framework\\src\\Illuminate\\Database\\Connectors\\ConnectionFactory.php(75): Illuminate\\Database\\Connectors\\ConnectionFactory->createConnection('sqlite', Object(Closure), 'D:\\\\MyworkSpace\\\\...', '', Array)
#11 D:\\MyworkSpace\\Laravel\\e-commerce\\vendor\\laravel\\framework\\src\\Illuminate\\Database\\Connectors\\ConnectionFactory.php(50): Illuminate\\Database\\Connectors\\ConnectionFactory->createSingleConnection(Array)
#12 D:\\MyworkSpace\\Laravel\\e-commerce\\vendor\\laravel\\framework\\src\\Illuminate\\Database\\DatabaseManager.php(152): Illuminate\\Database\\Connectors\\ConnectionFactory->make(Array, 'sqlite')
#13 D:\\MyworkSpace\\Laravel\\e-commerce\\vendor\\laravel\\framework\\src\\Illuminate\\Database\\DatabaseManager.php(101): Illuminate\\Database\\DatabaseManager->makeConnection('sqlite')
#14 D:\\MyworkSpace\\Laravel\\e-commerce\\vendor\\laravel\\framework\\src\\Illuminate\\Database\\Eloquent\\Model.php(1819): Illuminate\\Database\\DatabaseManager->connection('sqlite')
#15 D:\\MyworkSpace\\Laravel\\e-commerce\\vendor\\laravel\\framework\\src\\Illuminate\\Database\\Eloquent\\Model.php(1785): Illuminate\\Database\\Eloquent\\Model::resolveConnection(NULL)
#16 D:\\MyworkSpace\\Laravel\\e-commerce\\vendor\\laravel\\framework\\src\\Illuminate\\Database\\Eloquent\\Model.php(1576): Illuminate\\Database\\Eloquent\\Model->getConnection()
#17 D:\\MyworkSpace\\Laravel\\e-commerce\\vendor\\laravel\\framework\\src\\Illuminate\\Database\\Eloquent\\Model.php(1495): Illuminate\\Database\\Eloquent\\Model->newBaseQueryBuilder()
#18 D:\\MyworkSpace\\Laravel\\e-commerce\\vendor\\laravel\\framework\\src\\Illuminate\\Database\\Eloquent\\Model.php(1531): Illuminate\\Database\\Eloquent\\Model->newModelQuery()
#19 D:\\MyworkSpace\\Laravel\\e-commerce\\vendor\\laravel\\framework\\src\\Illuminate\\Database\\Eloquent\\Model.php(1484): Illuminate\\Database\\Eloquent\\Model->newQueryWithoutScopes()
#20 D:\\MyworkSpace\\Laravel\\e-commerce\\vendor\\laravel\\framework\\src\\Illuminate\\Database\\Eloquent\\Model.php(2334): Illuminate\\Database\\Eloquent\\Model->newQuery()
#21 D:\\MyworkSpace\\Laravel\\e-commerce\\vendor\\laravel\\framework\\src\\Illuminate\\Database\\Eloquent\\Model.php(2346): Illuminate\\Database\\Eloquent\\Model->__call('where', Array)
#22 D:\\MyworkSpace\\Laravel\\e-commerce\\vendor\\filament\\filament\\src\\Commands\\MakeUserCommand.php(46): Illuminate\\Database\\Eloquent\\Model::__callStatic('where', Array)
#23 D:\\MyworkSpace\\Laravel\\e-commerce\\vendor\\laravel\\framework\\src\\Illuminate\\Console\\Concerns\\ConfiguresPrompts.php(139): Filament\\Commands\\MakeUserCommand->Filament\\Commands\\{closure}('admin@gmail.Com')
#24 D:\\MyworkSpace\\Laravel\\e-commerce\\vendor\\laravel\\framework\\src\\Illuminate\\Console\\Concerns\\ConfiguresPrompts.php(32): Illuminate\\Console\\Command->promptUntilValid(Object(Closure), true, Object(Closure))
#25 D:\\MyworkSpace\\Laravel\\e-commerce\\vendor\\laravel\\prompts\\src\\Concerns\\Fallback.php(59): Illuminate\\Console\\Command->Illuminate\\Console\\Concerns\\{closure}(Object(Laravel\\Prompts\\TextPrompt))
#26 D:\\MyworkSpace\\Laravel\\e-commerce\\vendor\\laravel\\prompts\\src\\Prompt.php(81): Laravel\\Prompts\\Prompt->fallback()
#27 D:\\MyworkSpace\\Laravel\\e-commerce\\vendor\\laravel\\prompts\\src\\helpers.php(13): Laravel\\Prompts\\Prompt->prompt()
#28 D:\\MyworkSpace\\Laravel\\e-commerce\\vendor\\filament\\filament\\src\\Commands\\MakeUserCommand.php(41): Laravel\\Prompts\\text('Email address', '', '', true, Object(Closure))
#29 D:\\MyworkSpace\\Laravel\\e-commerce\\vendor\\filament\\filament\\src\\Commands\\MakeUserCommand.php(60): Filament\\Commands\\MakeUserCommand->getUserData()
#30 D:\\MyworkSpace\\Laravel\\e-commerce\\vendor\\filament\\filament\\src\\Commands\\MakeUserCommand.php(98): Filament\\Commands\\MakeUserCommand->createUser()
#31 D:\\MyworkSpace\\Laravel\\e-commerce\\vendor\\laravel\\framework\\src\\Illuminate\\Container\\BoundMethod.php(36): Filament\\Commands\\MakeUserCommand->handle()
#32 D:\\MyworkSpace\\Laravel\\e-commerce\\vendor\\laravel\\framework\\src\\Illuminate\\Container\\Util.php(41): Illuminate\\Container\\BoundMethod::Illuminate\\Container\\{closure}()
#33 D:\\MyworkSpace\\Laravel\\e-commerce\\vendor\\laravel\\framework\\src\\Illuminate\\Container\\BoundMethod.php(93): Illuminate\\Container\\Util::unwrapIfClosure(Object(Closure))
#34 D:\\MyworkSpace\\Laravel\\e-commerce\\vendor\\laravel\\framework\\src\\Illuminate\\Container\\BoundMethod.php(35): Illuminate\\Container\\BoundMethod::callBoundMethod(Object(Illuminate\\Foundation\\Application), Array, Object(Closure))
#35 D:\\MyworkSpace\\Laravel\\e-commerce\\vendor\\laravel\\framework\\src\\Illuminate\\Container\\Container.php(662): Illuminate\\Container\\BoundMethod::call(Object(Illuminate\\Foundation\\Application), Array, Array, NULL)
#36 D:\\MyworkSpace\\Laravel\\e-commerce\\vendor\\laravel\\framework\\src\\Illuminate\\Console\\Command.php(211): Illuminate\\Container\\Container->call(Array)
#37 D:\\MyworkSpace\\Laravel\\e-commerce\\vendor\\symfony\\console\\Command\\Command.php(326): Illuminate\\Console\\Command->execute(Object(Symfony\\Component\\Console\\Input\\ArgvInput), Object(Illuminate\\Console\\OutputStyle))
#38 D:\\MyworkSpace\\Laravel\\e-commerce\\vendor\\laravel\\framework\\src\\Illuminate\\Console\\Command.php(180): Symfony\\Component\\Console\\Command\\Command->run(Object(Symfony\\Component\\Console\\Input\\ArgvInput), Object(Illuminate\\Console\\OutputStyle))
#39 D:\\MyworkSpace\\Laravel\\e-commerce\\vendor\\symfony\\console\\Application.php(1096): Illuminate\\Console\\Command->run(Object(Symfony\\Component\\Console\\Input\\ArgvInput), Object(Symfony\\Component\\Console\\Output\\ConsoleOutput))
#40 D:\\MyworkSpace\\Laravel\\e-commerce\\vendor\\symfony\\console\\Application.php(324): Symfony\\Component\\Console\\Application->doRunCommand(Object(Filament\\Commands\\MakeUserCommand), Object(Symfony\\Component\\Console\\Input\\ArgvInput), Object(Symfony\\Component\\Console\\Output\\ConsoleOutput))
#41 D:\\MyworkSpace\\Laravel\\e-commerce\\vendor\\symfony\\console\\Application.php(175): Symfony\\Component\\Console\\Application->doRun(Object(Symfony\\Component\\Console\\Input\\ArgvInput), Object(Symfony\\Component\\Console\\Output\\ConsoleOutput))
#42 D:\\MyworkSpace\\Laravel\\e-commerce\\vendor\\laravel\\framework\\src\\Illuminate\\Foundation\\Console\\Kernel.php(201): Symfony\\Component\\Console\\Application->run(Object(Symfony\\Component\\Console\\Input\\ArgvInput), Object(Symfony\\Component\\Console\\Output\\ConsoleOutput))
#43 D:\\MyworkSpace\\Laravel\\e-commerce\\artisan(35): Illuminate\\Foundation\\Console\\Kernel->handle(Object(Symfony\\Component\\Console\\Input\\ArgvInput), Object(Symfony\\Component\\Console\\Output\\ConsoleOutput))
#44 {main}
"} 
